2026-04-01 21:22:47,928 INFO Arguments: Namespace(config='../configs/default.yaml', seed=None, print_net=False, print_gpu_info=False)
2026-04-01 21:22:47,928 INFO Random seed: 8026
2026-04-01 21:22:47,931 INFO Configuration: {'dataset_name': 'Breast-Cancer-Screening-DBT', 'data_with_subfolder': True, 'train_data_path': 'C:/Repositories/picard-anomalydetection/data/train-dataset', 'test_data_path': 'C:/Repositories/picard-anomalydetection/data/test-dataset', 'expname': 'PICARD-train', 'cuda': True, 'gpu_ids': [0], 'num_workers': 7, 'train': {'n_critic': 5, 'n_epochs': 10000, 'subset_frac': 0.03, 'resume': None, 'batch_size': 18, 'snapshot_save_iter': 1000, 'image_shape': [256, 256, 1], 'mask_shape': [128, 128], 'mask_batch_same': True, 'max_delta_shape': [32, 32], 'margin': [0, 0], 'discounted_mask': True, 'spatial_discounting_gamma': 0.9, 'random_crop': True, 'mask_type': 'hole', 'mosaic_unit_size': 12, 'lr': 0.0001, 'beta1': 0.5, 'beta2': 0.9, 'print_iter': 100, 'viz_iter': 10000, 'viz_max_out': 16}, 'coarse_l1_alpha': 1.2, 'l1_loss_alpha': 1.2, 'ae_loss_alpha': 1.2, 'global_wgan_loss_alpha': 1.0, 'gan_loss_alpha': 0.001, 'wgan_gp_lambda': 10, 'test': {'droprate': 0.5, 'heatmap_metrics': ['MCD_image', 'MCD_feature'], 'heatmap_M_inpaint': 10, 'parallel_batchsize': 32, 'patch_shape': [256, 256, 1], 'mask_shape': [128, 128], 'patch_stride': 32, 'save_heatmap_data': True, 'save_heatmap_plots': True, 'save_progressive_heatmap': False, 'log_compute_times': False, 'only_check_nonblack_pixels': False}, 'netG': {'input_dim': 1, 'ngf': 16, 'droprate': None, 'dropout_type': '2D', 'dropout_which': 'CUSTOM', 'custom_drop_layers_coarse': ['conv2_downsample', 'conv3', 'conv4_downsample', 'conv5', 'conv6', 'conv7_atrous', 'conv8_atrous', 'conv9_atrous', 'conv10_atrous'], 'custom_drop_layers_fine': ['self.conv2_downsample', 'self.conv3', 'self.conv4_downsample', 'self.conv5', 'self.conv6', 'self.conv7_atrous', 'self.conv8_atrous', 'self.conv9_atrous', 'self.conv10_atrous', 'self.pmconv1', 'self.pmconv2_downsample', 'self.pmconv3', 'self.pmconv4_downsample', 'self.pmconv5', 'self.pmconv6', 'self.pmconv9', 'self.pmconv10', 'self.allconv11', 'self.allconv12', 'self.allconv13', 'self.allconv14', 'self.allconv15', 'self.allconv16']}, 'netD': {'input_dim': 1, 'ndf': 16}}
2026-04-01 21:22:47,931 INFO Training on dataset: Breast-Cancer-Screening-DBT
2026-04-01 21:24:09,941 INFO Iter: [100/992777] l1: 0.088944 ae: 0.584347 wgan_g: -122.188721 wgan_d: -67.511635 wgan_gp: 0.394833 g: 0.685761 d: -63.563301 speed: 1.64 batches/s 		 TOTAL ESTIMATED TRAINING TIME = 7.023785778026475 days
2026-04-01 21:25:23,574 INFO Iter: [200/992777] l1: 0.073203 ae: 0.310018 wgan_g: 9.322487 wgan_d: -0.391162 wgan_gp: 2.090269 g: 0.469188 d: 20.511530 speed: 1.36 batches/s 
2026-04-01 21:26:37,666 INFO Iter: [300/992777] l1: 0.033322 ae: 0.171787 wgan_g: 29.758974 wgan_d: 2.010056 wgan_gp: 0.431815 g: 0.275890 d: 6.328203 speed: 1.35 batches/s 
2026-04-01 21:27:51,879 INFO Iter: [400/992777] l1: 0.015673 ae: 0.110347 wgan_g: -27.863314 wgan_d: 0.770038 wgan_gp: 0.306719 g: 0.123362 d: 3.837228 speed: 1.35 batches/s 
2026-04-01 21:29:05,979 INFO Iter: [500/992777] l1: 0.045718 ae: 0.137605 wgan_g: -23.969231 wgan_d: -4.537337 wgan_gp: 0.025978 g: 0.196018 d: -4.277560 speed: 1.35 batches/s 
2026-04-01 21:30:19,993 INFO Iter: [600/992777] l1: 0.016502 ae: 0.086891 wgan_g: 9.455788 wgan_d: -2.955110 wgan_gp: 0.043933 g: 0.133527 d: -2.515784 speed: 1.35 batches/s 
2026-04-01 21:31:33,886 INFO Iter: [700/992777] l1: 0.013085 ae: 0.090987 wgan_g: 28.867104 wgan_d: -0.051157 wgan_gp: 0.216299 g: 0.153753 d: 2.111833 speed: 1.35 batches/s 
2026-04-01 21:32:48,662 INFO Iter: [800/992777] l1: 0.022580 ae: 0.118477 wgan_g: -3.510532 wgan_d: -8.988639 wgan_gp: 0.143228 g: 0.165757 d: -7.556359 speed: 1.34 batches/s 
2026-04-01 21:34:02,855 INFO Iter: [900/992777] l1: 0.033319 ae: 0.137552 wgan_g: 19.953419 wgan_d: -10.710704 wgan_gp: 0.083991 g: 0.224998 d: -9.870790 speed: 1.35 batches/s 
2026-04-01 21:35:17,121 INFO Iter: [1000/992777] l1: 0.042316 ae: 0.211880 wgan_g: -33.666965 wgan_d: -17.097975 wgan_gp: 0.253272 g: 0.271369 d: -14.565258 speed: 1.35 batches/s 
2026-04-01 21:36:31,889 INFO Iter: [1100/992777] l1: 0.018782 ae: 0.102294 wgan_g: 1.327433 wgan_d: -3.548734 wgan_gp: 0.045207 g: 0.146619 d: -3.096664 speed: 1.34 batches/s 
2026-04-01 21:37:46,070 INFO Iter: [1200/992777] l1: 0.029456 ae: 0.109560 wgan_g: -3.156486 wgan_d: -8.804323 wgan_gp: 0.044890 g: 0.163662 d: -8.355427 speed: 1.35 batches/s 
2026-04-01 21:39:00,656 INFO Iter: [1300/992777] l1: 0.036766 ae: 0.128458 wgan_g: 21.845474 wgan_d: -5.704516 wgan_gp: 0.019534 g: 0.220114 d: -5.509177 speed: 1.34 batches/s 
2026-04-01 21:40:15,393 INFO Iter: [1400/992777] l1: 0.018871 ae: 0.099144 wgan_g: 3.547940 wgan_d: -1.784667 wgan_gp: 0.012173 g: 0.145165 d: -1.662942 speed: 1.34 batches/s 
2026-04-01 21:41:29,638 INFO Iter: [1500/992777] l1: 0.026903 ae: 0.080068 wgan_g: -22.019520 wgan_d: -21.103294 wgan_gp: 0.061248 g: 0.106346 d: -20.490814 speed: 1.35 batches/s 
2026-04-01 21:42:43,912 INFO Iter: [1600/992777] l1: 0.020196 ae: 0.131361 wgan_g: -31.015556 wgan_d: -2.020553 wgan_gp: 0.038468 g: 0.150852 d: -1.635874 speed: 1.35 batches/s 
2026-04-01 21:43:57,855 INFO Iter: [1700/992777] l1: 0.030303 ae: 0.098546 wgan_g: 20.411207 wgan_d: 0.161251 wgan_gp: 0.062969 g: 0.175031 d: 0.790943 speed: 1.35 batches/s 
2026-04-01 21:45:12,482 INFO Iter: [1800/992777] l1: 0.016557 ae: 0.107972 wgan_g: -33.003494 wgan_d: 6.633792 wgan_gp: 0.052968 g: 0.116432 d: 7.163475 speed: 1.34 batches/s 
2026-04-01 21:46:26,299 INFO Iter: [1900/992777] l1: 0.045137 ae: 0.096154 wgan_g: 6.775494 wgan_d: -5.208287 wgan_gp: 0.006312 g: 0.176325 d: -5.145164 speed: 1.35 batches/s 
2026-04-01 21:47:40,490 INFO Iter: [2000/992777] l1: 0.021631 ae: 0.111917 wgan_g: -19.347488 wgan_d: -6.819195 wgan_gp: 0.015885 g: 0.140910 d: -6.660341 speed: 1.35 batches/s 
2026-04-01 21:48:54,531 INFO Iter: [2100/992777] l1: 0.013740 ae: 0.110752 wgan_g: 21.603996 wgan_d: 1.302839 wgan_gp: 0.008252 g: 0.170994 d: 1.385360 speed: 1.35 batches/s 
2026-04-01 21:50:08,653 INFO Iter: [2200/992777] l1: 0.020746 ae: 0.084514 wgan_g: 121.402176 wgan_d: -19.363157 wgan_gp: 0.051554 g: 0.247714 d: -18.847612 speed: 1.35 batches/s 
2026-04-01 21:51:22,862 INFO Iter: [2300/992777] l1: 0.037002 ae: 0.097457 wgan_g: 44.089245 wgan_d: -2.210059 wgan_gp: 0.035647 g: 0.205441 d: -1.853590 speed: 1.35 batches/s 
2026-04-01 21:52:37,429 INFO Iter: [2400/992777] l1: 0.018394 ae: 0.081173 wgan_g: -5.995743 wgan_d: -2.202079 wgan_gp: 0.014179 g: 0.113485 d: -2.060289 speed: 1.34 batches/s 
2026-04-01 21:53:52,371 INFO Iter: [2500/992777] l1: 0.019522 ae: 0.099047 wgan_g: 10.082498 wgan_d: 1.672456 wgan_gp: 0.048427 g: 0.152366 d: 2.156730 speed: 1.33 batches/s 
2026-04-01 21:55:07,880 INFO Iter: [2600/992777] l1: 0.008335 ae: 0.068687 wgan_g: 76.334084 wgan_d: -1.384565 wgan_gp: 0.008768 g: 0.168761 d: -1.296881 speed: 1.32 batches/s 
2026-04-01 21:56:22,453 INFO Iter: [2700/992777] l1: 0.023300 ae: 0.105451 wgan_g: 13.450756 wgan_d: 1.582866 wgan_gp: 0.041620 g: 0.167952 d: 1.999069 speed: 1.34 batches/s 
2026-04-01 21:57:37,053 INFO Iter: [2800/992777] l1: 0.016039 ae: 0.082154 wgan_g: -17.469564 wgan_d: -0.478127 wgan_gp: 0.006777 g: 0.100362 d: -0.410358 speed: 1.34 batches/s 
2026-04-01 21:58:51,983 INFO Iter: [2900/992777] l1: 0.026829 ae: 0.105292 wgan_g: 30.575987 wgan_d: -4.349333 wgan_gp: 0.024817 g: 0.189120 d: -4.101167 speed: 1.33 batches/s 
2026-04-01 22:00:06,518 INFO Iter: [3000/992777] l1: 0.011577 ae: 0.053650 wgan_g: 103.690346 wgan_d: -7.163491 wgan_gp: 0.037658 g: 0.181963 d: -6.786910 speed: 1.34 batches/s 

Params changed from config:
    subset_frac: 0.03
    num_workers: 7
    ngf: 16
    ndf: 16
    batch_size: 18