2026-04-03 20:44:14,522 INFO Arguments: Namespace(config='../configs/default.yaml', seed=None, print_net=False, print_gpu_info=False)
2026-04-03 20:44:14,522 INFO Random seed: 1247
2026-04-03 20:44:14,527 INFO Configuration: {'dataset_name': 'Breast-Cancer-Screening-DBT', 'data_with_subfolder': True, 'train_data_path': 'C:/Repositories/picard-anomalydetection/data/train-dataset', 'test_data_path': 'C:/Repositories/picard-anomalydetection/data/test-dataset', 'expname': 'PICARD-train', 'cuda': True, 'gpu_ids': [0], 'num_workers': 7, 'train': {'n_critic': 5, 'n_epochs': 10000, 'subset_frac': 0.00035, 'resume': None, 'batch_size': 16, 'snapshot_save_iter': 1000, 'image_shape': [256, 256, 1], 'mask_shape': [128, 128], 'mask_batch_same': True, 'max_delta_shape': [32, 32], 'margin': [0, 0], 'discounted_mask': True, 'spatial_discounting_gamma': 0.9, 'random_crop': True, 'mask_type': 'hole', 'mosaic_unit_size': 12, 'lr': 0.0001, 'beta1': 0.5, 'beta2': 0.9, 'print_iter': 100, 'viz_iter': 10000, 'viz_max_out': 16}, 'coarse_l1_alpha': 1.2, 'l1_loss_alpha': 1.2, 'ae_loss_alpha': 1.2, 'global_wgan_loss_alpha': 1.0, 'gan_loss_alpha': 0.001, 'wgan_gp_lambda': 10, 'test': {'droprate': 0.5, 'heatmap_metrics': ['MCD_image', 'MCD_feature'], 'heatmap_M_inpaint': 10, 'parallel_batchsize': 32, 'patch_shape': [256, 256, 1], 'mask_shape': [128, 128], 'patch_stride': 32, 'save_heatmap_data': True, 'save_heatmap_plots': True, 'save_progressive_heatmap': False, 'log_compute_times': False, 'only_check_nonblack_pixels': False}, 'netG': {'input_dim': 1, 'ngf': 32, 'droprate': None, 'dropout_type': '2D', 'dropout_which': 'CUSTOM', 'custom_drop_layers_coarse': ['conv2_downsample', 'conv3', 'conv4_downsample', 'conv5', 'conv6', 'conv7_atrous', 'conv8_atrous', 'conv9_atrous', 'conv10_atrous'], 'custom_drop_layers_fine': ['self.conv2_downsample', 'self.conv3', 'self.conv4_downsample', 'self.conv5', 'self.conv6', 'self.conv7_atrous', 'self.conv8_atrous', 'self.conv9_atrous', 'self.conv10_atrous', 'self.pmconv1', 'self.pmconv2_downsample', 'self.pmconv3', 'self.pmconv4_downsample', 'self.pmconv5', 'self.pmconv6', 'self.pmconv9', 'self.pmconv10', 'self.allconv11', 'self.allconv12', 'self.allconv13', 'self.allconv14', 'self.allconv15', 'self.allconv16']}, 'netD': {'input_dim': 1, 'ndf': 32}}
2026-04-03 20:44:14,527 INFO Training on dataset: Breast-Cancer-Screening-DBT
2026-04-03 20:51:07,965 INFO Iter: [100/12500] l1: 0.065517 ae: 0.417852 wgan_g: -15.498484 wgan_d: 0.294506 wgan_gp: 1.065759 g: 0.564545 d: 10.952097 speed: 0.24 batches/s 		 TOTAL ESTIMATED TRAINING TIME = 0.5942509119847307 days
2026-04-03 20:57:58,508 INFO Iter: [200/12500] l1: 0.056234 ae: 0.154130 wgan_g: 27.718517 wgan_d: 11.831645 wgan_gp: 0.466782 g: 0.280155 d: 16.499462 speed: 0.24 batches/s 
2026-04-03 21:04:49,621 INFO Iter: [300/12500] l1: 0.036091 ae: 0.182511 wgan_g: 3.746037 wgan_d: 20.363777 wgan_gp: 0.050607 g: 0.266069 d: 20.869852 speed: 0.24 batches/s 
2026-04-03 21:11:40,563 INFO Iter: [400/12500] l1: 0.023777 ae: 0.098280 wgan_g: -31.023373 wgan_d: -0.565678 wgan_gp: 0.077385 g: 0.115445 d: 0.208175 speed: 0.24 batches/s 
2026-04-03 21:18:30,440 INFO Iter: [500/12500] l1: 0.017075 ae: 0.114974 wgan_g: -1.851576 wgan_d: -2.251169 wgan_gp: 0.131993 g: 0.156607 d: -0.931244 speed: 0.24 batches/s 
2026-04-03 21:25:22,520 INFO Iter: [600/12500] l1: 0.025073 ae: 0.147252 wgan_g: -3.865582 wgan_d: 0.117769 wgan_gp: 0.097268 g: 0.202924 d: 1.090446 speed: 0.24 batches/s 
2026-04-03 21:32:12,777 INFO Iter: [700/12500] l1: 0.023496 ae: 0.127168 wgan_g: 10.343322 wgan_d: 0.339260 wgan_gp: 0.044307 g: 0.191139 d: 0.782334 speed: 0.24 batches/s 
2026-04-03 21:39:04,605 INFO Iter: [800/12500] l1: 0.040006 ae: 0.110781 wgan_g: 0.673490 wgan_d: 0.311057 wgan_gp: 0.047328 g: 0.181618 d: 0.784340 speed: 0.24 batches/s 
2026-04-03 21:45:54,454 INFO Iter: [900/12500] l1: 0.020710 ae: 0.099507 wgan_g: -20.691608 wgan_d: -4.000435 wgan_gp: 0.036337 g: 0.123568 d: -3.637070 speed: 0.24 batches/s 
2026-04-03 21:52:45,717 INFO Iter: [1000/12500] l1: 0.012331 ae: 0.080558 wgan_g: 36.626419 wgan_d: 4.162745 wgan_gp: 0.020369 g: 0.148093 d: 4.366432 speed: 0.24 batches/s 
2026-04-03 21:59:36,110 INFO Iter: [1100/12500] l1: 0.027608 ae: 0.116747 wgan_g: -3.901417 wgan_d: -11.105898 wgan_gp: 0.022358 g: 0.169325 d: -10.882321 speed: 0.24 batches/s 
2026-04-03 22:06:27,319 INFO Iter: [1200/12500] l1: 0.028086 ae: 0.104709 wgan_g: 51.080093 wgan_d: 13.718803 wgan_gp: 0.098455 g: 0.210435 d: 14.703358 speed: 0.24 batches/s 
2026-04-03 22:13:19,775 INFO Iter: [1300/12500] l1: 0.035418 ae: 0.111552 wgan_g: -55.927696 wgan_d: 6.832411 wgan_gp: 0.053850 g: 0.120437 d: 7.370908 speed: 0.24 batches/s 
2026-04-03 22:20:10,013 INFO Iter: [1400/12500] l1: 0.025664 ae: 0.090544 wgan_g: 13.886023 wgan_d: -1.439080 wgan_gp: 0.104627 g: 0.153336 d: -0.392815 speed: 0.24 batches/s 
2026-04-03 22:27:00,410 INFO Iter: [1500/12500] l1: 0.019430 ae: 0.106423 wgan_g: -75.425850 wgan_d: 5.629125 wgan_gp: 0.204997 g: 0.075597 d: 7.679093 speed: 0.24 batches/s 
2026-04-03 22:33:50,519 INFO Iter: [1600/12500] l1: 0.023677 ae: 0.109218 wgan_g: -50.110916 wgan_d: -3.626824 wgan_gp: 0.020652 g: 0.109363 d: -3.420300 speed: 0.24 batches/s 
2026-04-03 22:40:41,205 INFO Iter: [1700/12500] l1: 0.019034 ae: 0.163009 wgan_g: -59.182732 wgan_d: 1.285566 wgan_gp: 0.023919 g: 0.159268 d: 1.524753 speed: 0.24 batches/s 
2026-04-03 22:47:31,566 INFO Iter: [1800/12500] l1: 0.029910 ae: 0.108572 wgan_g: -56.434086 wgan_d: -6.128400 wgan_gp: 0.075566 g: 0.109744 d: -5.372739 speed: 0.24 batches/s 
2026-04-03 22:54:21,822 INFO Iter: [1900/12500] l1: 0.049692 ae: 0.103041 wgan_g: -132.271988 wgan_d: -4.957231 wgan_gp: 0.099803 g: 0.051008 d: -3.959204 speed: 0.24 batches/s 
2026-04-03 23:01:11,848 INFO Iter: [2000/12500] l1: 0.021095 ae: 0.063409 wgan_g: 16.486172 wgan_d: -1.995077 wgan_gp: 0.008896 g: 0.117891 d: -1.906121 speed: 0.24 batches/s 
2026-04-03 23:08:01,963 INFO Iter: [2100/12500] l1: 0.032616 ae: 0.053026 wgan_g: -84.368309 wgan_d: -27.502567 wgan_gp: 0.051273 g: 0.018402 d: -26.989840 speed: 0.24 batches/s 
2026-04-03 23:14:52,562 INFO Iter: [2200/12500] l1: 0.023158 ae: 0.077553 wgan_g: -75.206482 wgan_d: -2.337895 wgan_gp: 0.004180 g: 0.045646 d: -2.296092 speed: 0.24 batches/s 
