2026-04-04 16:38:32,045 INFO Arguments: Namespace(config='../configs/default.yaml', seed=None, print_net=False, print_gpu_info=False)
2026-04-04 16:38:32,045 INFO Random seed: 407
2026-04-04 16:38:32,045 INFO Configuration: {'dataset_name': 'Breast-Cancer-Screening-DBT', 'data_with_subfolder': True, 'train_data_path': 'C:/Repositories/picard-anomalydetection/data/train-dataset', 'test_data_path': 'C:/Repositories/picard-anomalydetection/data/test-dataset', 'expname': 'PICARD-train', 'cuda': True, 'gpu_ids': [0], 'num_workers': 7, 'train': {'n_critic': 5, 'n_epochs': 10000, 'subset_frac': 0.00035, 'resume': 'C:\\Repositories\\picard-anomalydetection\\inpainter\\checkpoints\\Breast-Cancer-Screening-DBT\\hole_PICARD-train', 'batch_size': 16, 'snapshot_save_iter': 1000, 'image_shape': [256, 256, 1], 'mask_shape': [128, 128], 'mask_batch_same': True, 'max_delta_shape': [32, 32], 'margin': [0, 0], 'discounted_mask': True, 'spatial_discounting_gamma': 0.9, 'random_crop': True, 'mask_type': 'hole', 'mosaic_unit_size': 12, 'lr': 0.0001, 'beta1': 0.5, 'beta2': 0.9, 'print_iter': 100, 'viz_iter': 10000, 'viz_max_out': 16}, 'coarse_l1_alpha': 1.2, 'l1_loss_alpha': 1.2, 'ae_loss_alpha': 1.2, 'global_wgan_loss_alpha': 1.0, 'gan_loss_alpha': 0.001, 'wgan_gp_lambda': 10, 'test': {'droprate': 0.5, 'heatmap_metrics': ['MCD_image', 'MCD_feature'], 'heatmap_M_inpaint': 10, 'parallel_batchsize': 32, 'patch_shape': [256, 256, 1], 'mask_shape': [128, 128], 'patch_stride': 32, 'save_heatmap_data': True, 'save_heatmap_plots': True, 'save_progressive_heatmap': False, 'log_compute_times': False, 'only_check_nonblack_pixels': False}, 'netG': {'input_dim': 1, 'ngf': 32, 'droprate': None, 'dropout_type': '2D', 'dropout_which': 'CUSTOM', 'custom_drop_layers_coarse': ['conv2_downsample', 'conv3', 'conv4_downsample', 'conv5', 'conv6', 'conv7_atrous', 'conv8_atrous', 'conv9_atrous', 'conv10_atrous'], 'custom_drop_layers_fine': ['self.conv2_downsample', 'self.conv3', 'self.conv4_downsample', 'self.conv5', 'self.conv6', 'self.conv7_atrous', 'self.conv8_atrous', 'self.conv9_atrous', 'self.conv10_atrous', 'self.pmconv1', 'self.pmconv2_downsample', 'self.pmconv3', 'self.pmconv4_downsample', 'self.pmconv5', 'self.pmconv6', 'self.pmconv9', 'self.pmconv10', 'self.allconv11', 'self.allconv12', 'self.allconv13', 'self.allconv14', 'self.allconv15', 'self.allconv16']}, 'netD': {'input_dim': 1, 'ndf': 32}}
2026-04-04 16:38:32,049 INFO Training on dataset: Breast-Cancer-Screening-DBT
2026-04-04 16:38:32,549 INFO Resume from C:\Repositories\picard-anomalydetection\inpainter\checkpoints\Breast-Cancer-Screening-DBT\hole_PICARD-train at iteration 2000
2026-04-04 16:38:45,658 INFO Iter: [2000/12500] l1: 0.019481 ae: 0.088262 wgan_g: -8.613518 wgan_d: -0.975250 wgan_gp: 0.016750 g: 0.120678 d: -0.807751 speed: 7.87 batches/s 		 TOTAL ESTIMATED TRAINING TIME = 0.0009190020047956043 days
2026-04-04 16:46:28,247 INFO Iter: [2100/12500] l1: 0.024908 ae: 0.097748 wgan_g: 6.521927 wgan_d: -5.373899 wgan_gp: 0.129339 g: 0.153710 d: -4.080506 speed: 0.22 batches/s 
2026-04-04 16:53:24,332 INFO Iter: [2200/12500] l1: 0.023047 ae: 0.096209 wgan_g: -17.914909 wgan_d: -3.539297 wgan_gp: 0.025981 g: 0.125193 d: -3.279484 speed: 0.24 batches/s 
2026-04-04 17:00:30,950 INFO Iter: [2300/12500] l1: 0.017364 ae: 0.070798 wgan_g: -60.236198 wgan_d: -3.167966 wgan_gp: 0.009754 g: 0.045558 d: -3.070429 speed: 0.23 batches/s 
2026-04-04 17:08:12,196 INFO Iter: [2400/12500] l1: 0.016627 ae: 0.079859 wgan_g: -3.923323 wgan_d: -1.593930 wgan_gp: 0.037121 g: 0.111859 d: -1.222717 speed: 0.22 batches/s 
2026-04-04 17:15:48,141 INFO Iter: [2500/12500] l1: 0.023231 ae: 0.061959 wgan_g: -8.813124 wgan_d: -2.584483 wgan_gp: 0.021139 g: 0.093414 d: -2.373096 speed: 0.22 batches/s 
2026-04-04 17:23:42,776 INFO Iter: [2600/12500] l1: 0.019456 ae: 0.095872 wgan_g: 11.755989 wgan_d: -6.644166 wgan_gp: 0.044039 g: 0.150150 d: -6.203780 speed: 0.21 batches/s 
2026-04-04 17:30:41,888 INFO Iter: [2700/12500] l1: 0.018410 ae: 0.056745 wgan_g: 71.228561 wgan_d: -4.283074 wgan_gp: 0.009025 g: 0.161415 d: -4.192828 speed: 0.24 batches/s 
2026-04-04 17:38:03,210 INFO Iter: [2800/12500] l1: 0.020667 ae: 0.065189 wgan_g: -70.803040 wgan_d: -1.640969 wgan_gp: 0.009488 g: 0.032223 d: -1.546092 speed: 0.23 batches/s 
2026-04-04 17:46:01,990 INFO Iter: [2900/12500] l1: 0.031524 ae: 0.058236 wgan_g: 20.062895 wgan_d: -9.186845 wgan_gp: 0.142708 g: 0.127775 d: -7.759765 speed: 0.21 batches/s 
2026-04-04 17:53:21,135 INFO Iter: [3000/12500] l1: 0.018143 ae: 0.060450 wgan_g: 107.597191 wgan_d: -4.348057 wgan_gp: 0.127451 g: 0.201909 d: -3.073551 speed: 0.23 batches/s 
2026-04-04 18:00:48,928 INFO Iter: [3100/12500] l1: 0.018636 ae: 0.067478 wgan_g: -64.737602 wgan_d: -3.735500 wgan_gp: 0.004588 g: 0.038600 d: -3.689621 speed: 0.22 batches/s 
2026-04-04 18:08:15,913 INFO Iter: [3200/12500] l1: 0.020439 ae: 0.070320 wgan_g: -80.165703 wgan_d: 2.898360 wgan_gp: 0.017013 g: 0.028746 d: 3.068492 speed: 0.22 batches/s 
2026-04-04 18:16:25,166 INFO Iter: [3300/12500] l1: 0.014047 ae: 0.068509 wgan_g: -28.307489 wgan_d: -0.145732 wgan_gp: 0.006512 g: 0.070759 d: -0.080614 speed: 0.20 batches/s 
2026-04-04 18:23:44,812 INFO Iter: [3400/12500] l1: 0.014710 ae: 0.058959 wgan_g: -56.436131 wgan_d: -1.939919 wgan_gp: 0.010128 g: 0.031966 d: -1.838644 speed: 0.23 batches/s 
2026-04-04 18:30:48,710 INFO Iter: [3500/12500] l1: 0.014817 ae: 0.061916 wgan_g: -120.512329 wgan_d: -4.770663 wgan_gp: 0.206194 g: -0.028433 d: -2.708724 speed: 0.24 batches/s 
2026-04-04 18:38:38,053 INFO Iter: [3600/12500] l1: 0.012375 ae: 0.076599 wgan_g: -16.222031 wgan_d: 4.444109 wgan_gp: 0.048693 g: 0.090547 d: 4.931039 speed: 0.21 batches/s 
2026-04-04 18:46:51,843 INFO Iter: [3700/12500] l1: 0.014704 ae: 0.055342 wgan_g: -193.308044 wgan_d: 1.490725 wgan_gp: 0.011646 g: -0.109253 d: 1.607184 speed: 0.20 batches/s 
2026-04-04 18:54:26,369 INFO Iter: [3800/12500] l1: 0.017602 ae: 0.063829 wgan_g: -111.027557 wgan_d: -5.200339 wgan_gp: 0.116581 g: -0.013310 d: -4.034530 speed: 0.22 batches/s 
2026-04-04 19:01:35,107 INFO Iter: [3900/12500] l1: 0.018780 ae: 0.050393 wgan_g: -37.257980 wgan_d: -6.650027 wgan_gp: 0.038706 g: 0.045749 d: -6.262970 speed: 0.23 batches/s 
2026-04-04 19:08:39,506 INFO Iter: [4000/12500] l1: 0.019468 ae: 0.062289 wgan_g: -89.056503 wgan_d: -4.424389 wgan_gp: 0.073230 g: 0.009052 d: -3.692090 speed: 0.24 batches/s 
2026-04-04 19:16:03,030 INFO Iter: [4100/12500] l1: 0.029467 ae: 0.066384 wgan_g: -51.772694 wgan_d: -0.281500 wgan_gp: 0.009973 g: 0.063247 d: -0.181769 speed: 0.23 batches/s 
2026-04-04 19:24:11,511 INFO Iter: [4200/12500] l1: 0.019257 ae: 0.074973 wgan_g: -103.354424 wgan_d: 1.823899 wgan_gp: 0.037839 g: 0.009722 d: 2.202287 speed: 0.20 batches/s 
2026-04-04 19:31:14,837 INFO Iter: [4300/12500] l1: 0.023023 ae: 0.047808 wgan_g: -115.868607 wgan_d: 0.469645 wgan_gp: 0.008359 g: -0.030872 d: 0.553239 speed: 0.24 batches/s 
2026-04-04 19:38:26,670 INFO Iter: [4400/12500] l1: 0.017173 ae: 0.052960 wgan_g: -169.109161 wgan_d: -2.922048 wgan_gp: 0.021441 g: -0.084949 d: -2.707643 speed: 0.23 batches/s 
2026-04-04 19:45:34,766 INFO Iter: [4500/12500] l1: 0.012338 ae: 0.047189 wgan_g: -160.452896 wgan_d: -2.605359 wgan_gp: 0.020466 g: -0.089020 d: -2.400702 speed: 0.23 batches/s 
2026-04-04 19:52:39,006 INFO Iter: [4600/12500] l1: 0.013702 ae: 0.059875 wgan_g: -142.923859 wgan_d: -6.912054 wgan_gp: 0.059836 g: -0.054631 d: -6.313694 speed: 0.24 batches/s 
2026-04-04 20:00:18,508 INFO Iter: [4700/12500] l1: 0.025290 ae: 0.047487 wgan_g: -173.021973 wgan_d: -9.776237 wgan_gp: 0.076001 g: -0.085690 d: -9.016231 speed: 0.22 batches/s 
2026-04-04 20:07:53,817 INFO Iter: [4800/12500] l1: 0.037089 ae: 0.069310 wgan_g: -61.214363 wgan_d: 2.023452 wgan_gp: 0.031129 g: 0.066465 d: 2.334740 speed: 0.22 batches/s 
2026-04-04 20:15:48,724 INFO Iter: [4900/12500] l1: 0.014275 ae: 0.049595 wgan_g: -116.075089 wgan_d: -1.303964 wgan_gp: 0.015456 g: -0.039431 d: -1.149404 speed: 0.21 batches/s 
2026-04-04 20:22:46,912 INFO Iter: [5000/12500] l1: 0.020223 ae: 0.075119 wgan_g: -166.002258 wgan_d: -4.495727 wgan_gp: 0.049617 g: -0.051592 d: -3.999557 speed: 0.24 batches/s 
2026-04-04 20:30:07,878 INFO Iter: [5100/12500] l1: 0.025118 ae: 0.072254 wgan_g: -235.472595 wgan_d: -1.414774 wgan_gp: 0.023193 g: -0.118626 d: -1.182843 speed: 0.23 batches/s 
2026-04-04 20:38:04,661 INFO Iter: [5200/12500] l1: 0.014982 ae: 0.052638 wgan_g: -28.036732 wgan_d: -2.912496 wgan_gp: 0.038273 g: 0.053107 d: -2.529764 speed: 0.21 batches/s 
2026-04-04 20:45:29,184 INFO Iter: [5300/12500] l1: 0.014269 ae: 0.045140 wgan_g: -177.191040 wgan_d: -1.994459 wgan_gp: 0.012590 g: -0.105899 d: -1.868558 speed: 0.22 batches/s 
2026-04-04 20:52:57,782 INFO Iter: [5400/12500] l1: 0.010739 ae: 0.037580 wgan_g: -254.064209 wgan_d: -2.606152 wgan_gp: 0.014990 g: -0.196082 d: -2.456250 speed: 0.22 batches/s 
2026-04-04 21:00:24,657 INFO Iter: [5500/12500] l1: 0.022316 ae: 0.043039 wgan_g: -246.065430 wgan_d: -2.471198 wgan_gp: 0.046626 g: -0.167640 d: -2.004938 speed: 0.22 batches/s 
2026-04-04 21:08:35,773 INFO Iter: [5600/12500] l1: 0.011749 ae: 0.041341 wgan_g: -156.283524 wgan_d: -3.703315 wgan_gp: 0.007954 g: -0.092575 d: -3.623774 speed: 0.20 batches/s 
2026-04-04 21:15:56,664 INFO Iter: [5700/12500] l1: 0.023981 ae: 0.051320 wgan_g: -221.795441 wgan_d: -9.171251 wgan_gp: 0.030339 g: -0.131435 d: -8.867866 speed: 0.23 batches/s 
2026-04-04 21:23:00,943 INFO Iter: [5800/12500] l1: 0.017086 ae: 0.072424 wgan_g: -157.229706 wgan_d: -6.969813 wgan_gp: 0.034244 g: -0.049818 d: -6.627375 speed: 0.24 batches/s 
2026-04-04 21:30:50,709 INFO Iter: [5900/12500] l1: 0.007465 ae: 0.028518 wgan_g: -194.777222 wgan_d: 0.119721 wgan_gp: 0.008982 g: -0.151598 d: 0.209537 speed: 0.21 batches/s 
2026-04-04 21:39:03,107 INFO Iter: [6000/12500] l1: 0.016960 ae: 0.054617 wgan_g: -348.160675 wgan_d: -4.147285 wgan_gp: 0.026055 g: -0.262269 d: -3.886738 speed: 0.20 batches/s 
2026-04-04 21:46:41,601 INFO Iter: [6100/12500] l1: 0.016565 ae: 0.088657 wgan_g: -147.003082 wgan_d: -0.295961 wgan_gp: 0.010890 g: -0.020737 d: -0.187063 speed: 0.22 batches/s 
2026-04-04 21:53:51,009 INFO Iter: [6200/12500] l1: 0.016877 ae: 0.040070 wgan_g: -128.054688 wgan_d: -2.406753 wgan_gp: 0.019874 g: -0.059718 d: -2.208013 speed: 0.23 batches/s 
2026-04-04 22:00:51,753 INFO Iter: [6300/12500] l1: 0.011805 ae: 0.043444 wgan_g: -206.163727 wgan_d: -0.825566 wgan_gp: 0.010683 g: -0.139865 d: -0.718733 speed: 0.24 batches/s 
2026-04-04 22:08:17,042 INFO Iter: [6400/12500] l1: 0.016447 ae: 0.042701 wgan_g: -185.336365 wgan_d: -2.503580 wgan_gp: 0.028707 g: -0.114359 d: -2.216506 speed: 0.22 batches/s 
2026-04-04 22:16:28,113 INFO Iter: [6500/12500] l1: 0.024211 ae: 0.045255 wgan_g: -257.156219 wgan_d: 0.517250 wgan_gp: 0.009553 g: -0.173797 d: 0.612780 speed: 0.20 batches/s 
2026-04-04 22:23:32,836 INFO Iter: [6600/12500] l1: 0.019064 ae: 0.037899 wgan_g: -316.136902 wgan_d: -3.365046 wgan_gp: 0.009170 g: -0.247781 d: -3.273349 speed: 0.24 batches/s 
2026-04-04 22:30:47,500 INFO Iter: [6700/12500] l1: 0.012523 ae: 0.073017 wgan_g: -258.251007 wgan_d: -0.604566 wgan_gp: 0.015165 g: -0.155602 d: -0.452917 speed: 0.23 batches/s 
2026-04-04 22:37:56,537 INFO Iter: [6800/12500] l1: 0.009760 ae: 0.036596 wgan_g: -204.522018 wgan_d: -2.219713 wgan_gp: 0.020941 g: -0.148894 d: -2.010301 speed: 0.23 batches/s 
2026-04-04 22:45:06,758 INFO Iter: [6900/12500] l1: 0.019740 ae: 0.048911 wgan_g: -404.997162 wgan_d: -21.574554 wgan_gp: 0.147400 g: -0.322616 d: -20.100550 speed: 0.23 batches/s 
2026-04-04 22:52:50,627 INFO Iter: [7000/12500] l1: 0.014791 ae: 0.041255 wgan_g: -322.972870 wgan_d: -0.352714 wgan_gp: 0.012540 g: -0.255719 d: -0.227312 speed: 0.22 batches/s 
2026-04-04 23:00:29,276 INFO Iter: [7100/12500] l1: 0.009397 ae: 0.045704 wgan_g: -272.464233 wgan_d: -2.524489 wgan_gp: 0.023446 g: -0.206343 d: -2.290025 speed: 0.22 batches/s 
2026-04-04 23:08:29,184 INFO Iter: [7200/12500] l1: 0.013006 ae: 0.055355 wgan_g: -257.294281 wgan_d: -1.909742 wgan_gp: 0.012070 g: -0.175261 d: -1.789038 speed: 0.21 batches/s 
2026-04-04 23:15:46,074 INFO Iter: [7300/12500] l1: 0.023807 ae: 0.050503 wgan_g: -308.048889 wgan_d: -6.947982 wgan_gp: 0.009630 g: -0.218878 d: -6.851680 speed: 0.23 batches/s 
2026-04-04 23:23:19,710 INFO Iter: [7400/12500] l1: 0.018725 ae: 0.040144 wgan_g: -232.624802 wgan_d: -7.136694 wgan_gp: 0.018366 g: -0.161981 d: -6.953032 speed: 0.22 batches/s 
2026-04-04 23:31:29,845 INFO Iter: [7500/12500] l1: 0.015366 ae: 0.040396 wgan_g: -329.198669 wgan_d: -2.154521 wgan_gp: 0.022422 g: -0.262284 d: -1.930296 speed: 0.20 batches/s 
2026-04-04 23:39:18,291 INFO Iter: [7600/12500] l1: 0.014033 ae: 0.044109 wgan_g: -324.034943 wgan_d: 0.264995 wgan_gp: 0.010490 g: -0.254265 d: 0.369894 speed: 0.21 batches/s 
2026-04-04 23:46:49,945 INFO Iter: [7700/12500] l1: 0.014547 ae: 0.042131 wgan_g: -352.247192 wgan_d: -0.157587 wgan_gp: 0.012688 g: -0.284234 d: -0.030703 speed: 0.22 batches/s 
2026-04-04 23:54:21,266 INFO Iter: [7800/12500] l1: 0.013275 ae: 0.049841 wgan_g: -418.470703 wgan_d: 0.229265 wgan_gp: 0.003782 g: -0.342732 d: 0.267081 speed: 0.22 batches/s 
2026-04-05 00:02:33,451 INFO Iter: [7900/12500] l1: 0.023858 ae: 0.050477 wgan_g: -338.329895 wgan_d: -12.776936 wgan_gp: 0.090607 g: -0.249128 d: -11.870862 speed: 0.20 batches/s 
2026-04-05 00:09:55,878 INFO Iter: [8000/12500] l1: 0.018951 ae: 0.054233 wgan_g: -337.660492 wgan_d: 0.222908 wgan_gp: 0.012035 g: -0.249840 d: 0.343259 speed: 0.23 batches/s 
2026-04-05 00:11:36,990 INFO Early Stopping ativado! Erro L1 năo melhorou nas ultimas 1000 iteraçőes.
